[ 2017-02-13T10:10:07+08:00 ] 192.168.20.149 /
INFO: [ app_init ] --START--
INFO: Run Behavior\BuildLiteBehavior [ RunTime:0.001000s ]
INFO: [ app_init ] --END-- [ RunTime:0.010000s ]
INFO: [ app_begin ] --START--
INFO: Run Behavior\ReadHtmlCacheBehavior [ RunTime:0.001000s ]
INFO: [ app_begin ] --END-- [ RunTime:0.001000s ]

[ 2017-02-13T10:10:07+08:00 ] 192.168.20.149 /common/login.html
INFO: [ app_init ] --START--
INFO: Run Behavior\BuildLiteBehavior [ RunTime:0.000000s ]
INFO: [ app_init ] --END-- [ RunTime:0.000000s ]
INFO: [ app_begin ] --START--
INFO: Run Behavior\ReadHtmlCacheBehavior [ RunTime:0.001000s ]
INFO: [ app_begin ] --END-- [ RunTime:0.001000s ]
INFO: [ view_parse ] --START--
INFO: [ template_filter ] --START--
INFO: Run Behavior\ContentReplaceBehavior [ RunTime:0.042003s ]
INFO: [ template_filter ] --END-- [ RunTime:0.042003s ]
INFO: Run Behavior\ParseTemplateBehavior [ RunTime:0.054003s ]
INFO: [ view_parse ] --END-- [ RunTime:0.054003s ]
INFO: [ view_filter ] --START--
INFO: Run Behavior\WriteHtmlCacheBehavior [ RunTime:0.017001s ]
INFO: [ view_filter ] --END-- [ RunTime:0.017001s ]
INFO: [ app_end ] --START--
INFO: Run Behavior\ShowPageTraceBehavior [ RunTime:0.002000s ]
INFO: [ app_end ] --END-- [ RunTime:0.002000s ]

[ 2017-02-13T13:39:46+08:00 ] 192.168.20.149 /
INFO: [ app_init ] --START--
INFO: Run Behavior\BuildLiteBehavior [ RunTime:0.000000s ]
INFO: [ app_init ] --END-- [ RunTime:0.001000s ]
INFO: [ app_begin ] --START--
INFO: Run Behavior\ReadHtmlCacheBehavior [ RunTime:0.001001s ]
INFO: [ app_begin ] --END-- [ RunTime:0.001001s ]

[ 2017-02-13T13:39:46+08:00 ] 192.168.20.149 /common/login.html
INFO: [ app_init ] --START--
INFO: Run Behavior\BuildLiteBehavior [ RunTime:0.000000s ]
INFO: [ app_init ] --END-- [ RunTime:0.001000s ]
INFO: [ app_begin ] --START--
INFO: Run Behavior\ReadHtmlCacheBehavior [ RunTime:0.001000s ]
INFO: [ app_begin ] --END-- [ RunTime:0.002000s ]
INFO: [ view_parse ] --START--
INFO: [ template_filter ] --START--
INFO: Run Behavior\ContentReplaceBehavior [ RunTime:0.001000s ]
INFO: [ template_filter ] --END-- [ RunTime:0.001000s ]
INFO: Run Behavior\ParseTemplateBehavior [ RunTime:0.009001s ]
INFO: [ view_parse ] --END-- [ RunTime:0.009001s ]
INFO: [ view_filter ] --START--
INFO: Run Behavior\WriteHtmlCacheBehavior [ RunTime:0.001000s ]
INFO: [ view_filter ] --END-- [ RunTime:0.001000s ]
INFO: [ app_end ] --START--
INFO: Run Behavior\ShowPageTraceBehavior [ RunTime:0.001000s ]
INFO: [ app_end ] --END-- [ RunTime:0.002000s ]

[ 2017-02-13T13:39:54+08:00 ] 192.168.20.149 /common/login.html
INFO: [ app_init ] --START--
INFO: Run Behavior\BuildLiteBehavior [ RunTime:0.000000s ]
INFO: [ app_init ] --END-- [ RunTime:0.001000s ]
INFO: [ app_begin ] --START--
INFO: Run Behavior\ReadHtmlCacheBehavior [ RunTime:0.000000s ]
INFO: [ app_begin ] --END-- [ RunTime:0.001000s ]
SQL: SHOW COLUMNS FROM `otc_user` [ RunTime:0.0320s ]
SQL: SELECT * FROM `otc_user` WHERE ( email = 'zb@zb.com' and password = 'e10adc3949ba59abbe56e057f20f883e' and status = 1 ) LIMIT 1   [ RunTime:0.0080s ]
SQL: SELECT * FROM `otc_user` WHERE `email` = 'zb@zb.com' LIMIT 1   [ RunTime:0.0000s ]

[ 2017-02-13T13:39:54+08:00 ] 192.168.20.149 /index/index.html
INFO: [ app_init ] --START--
INFO: Run Behavior\BuildLiteBehavior [ RunTime:0.000000s ]
INFO: [ app_init ] --END-- [ RunTime:0.000000s ]
INFO: [ app_begin ] --START--
INFO: Run Behavior\ReadHtmlCacheBehavior [ RunTime:0.001000s ]
INFO: [ app_begin ] --END-- [ RunTime:0.001000s ]
INFO: [ view_parse ] --START--
INFO: [ template_filter ] --START--
INFO: Run Behavior\ContentReplaceBehavior [ RunTime:0.000000s ]
INFO: [ template_filter ] --END-- [ RunTime:0.000000s ]
INFO: Run Behavior\ParseTemplateBehavior [ RunTime:0.009000s ]
INFO: [ view_parse ] --END-- [ RunTime:0.009000s ]
INFO: [ view_filter ] --START--
INFO: Run Behavior\WriteHtmlCacheBehavior [ RunTime:0.001001s ]
INFO: [ view_filter ] --END-- [ RunTime:0.001001s ]
INFO: [ app_end ] --START--
INFO: Run Behavior\ShowPageTraceBehavior [ RunTime:0.001000s ]
INFO: [ app_end ] --END-- [ RunTime:0.001000s ]

[ 2017-02-13T13:39:56+08:00 ] 192.168.20.149 /Admin/Access/getUserNodeList?_dc=1486964396142&page=1&start=0&limit=25
INFO: [ app_init ] --START--
INFO: Run Behavior\BuildLiteBehavior [ RunTime:0.000000s ]
INFO: [ app_init ] --END-- [ RunTime:0.001000s ]
INFO: [ app_begin ] --START--
INFO: Run Behavior\ReadHtmlCacheBehavior [ RunTime:0.001000s ]
INFO: [ app_begin ] --END-- [ RunTime:0.001000s ]
SQL: SHOW COLUMNS FROM `otc_user` [ RunTime:0.0030s ]
SQL: SHOW COLUMNS FROM `otc_auth_access` [ RunTime:0.0300s ]
SQL: SELECT aa.role_id FROM otc_auth_access as aa left JOIN otc_auth_role as ar ON aa.role_id = ar.id  WHERE aa.uid = 1 AND ar.status = 1  [ RunTime:0.0150s ]
SQL: SHOW COLUMNS FROM `otc_auth_role_node` [ RunTime:0.0130s ]
SQL: SHOW COLUMNS FROM `otc_auth_role_node` [ RunTime:0.0010s ]
SQL: SELECT DISTINCT r.node_id,n.name,n.pid,n.module,n.iconCls,n.group,n.url,n.type FROM otc_auth_role_node as r INNER JOIN otc_auth_node as n on n.id = r.node_id  WHERE r.role_id IN ('65','66','67','68','69','70','73','74','75','76','77','78','79','80','81','82') AND n.type = 1 AND n.status = 1 ORDER BY n.sort asc, n.id desc  [ RunTime:0.0110s ]
NOTIC: [8] Undefined index: id F:\OTCbate4_20160418\Application\Common\Common\function.php 第 119 行.
NOTIC: [8] Undefined index: id F:\OTCbate4_20160418\Application\Common\Common\function.php 第 119 行.
NOTIC: [8] Undefined index: id F:\OTCbate4_20160418\Application\Common\Common\function.php 第 119 行.
NOTIC: [8] Undefined index: id F:\OTCbate4_20160418\Application\Common\Common\function.php 第 119 行.
NOTIC: [8] Undefined index: id F:\OTCbate4_20160418\Application\Common\Common\function.php 第 119 行.
NOTIC: [8] Undefined index: id F:\OTCbate4_20160418\Application\Common\Common\function.php 第 119 行.
NOTIC: [8] Undefined index: id F:\OTCbate4_20160418\Application\Common\Common\function.php 第 119 行.
NOTIC: [8] Undefined index: id F:\OTCbate4_20160418\Application\Common\Common\function.php 第 119 行.
NOTIC: [8] Undefined index: id F:\OTCbate4_20160418\Application\Common\Common\function.php 第 119 行.
NOTIC: [8] Undefined index: id F:\OTCbate4_20160418\Application\Common\Common\function.php 第 119 行.
NOTIC: [8] Undefined index: id F:\OTCbate4_20160418\Application\Common\Common\function.php 第 119 行.
NOTIC: [8] Undefined index: id F:\OTCbate4_20160418\Application\Common\Common\function.php 第 119 行.
NOTIC: [8] Undefined index: id F:\OTCbate4_20160418\Application\Common\Common\function.php 第 119 行.
NOTIC: [8] Undefined index: id F:\OTCbate4_20160418\Application\Common\Common\function.php 第 119 行.
NOTIC: [8] Undefined index: id F:\OTCbate4_20160418\Application\Common\Common\function.php 第 119 行.
NOTIC: [8] Undefined index: id F:\OTCbate4_20160418\Application\Common\Common\function.php 第 119 行.
NOTIC: [8] Undefined index: id F:\OTCbate4_20160418\Application\Common\Common\function.php 第 119 行.
NOTIC: [8] Undefined index: id F:\OTCbate4_20160418\Application\Common\Common\function.php 第 119 行.

[ 2017-02-13T13:39:58+08:00 ] 192.168.20.149 /workflow
INFO: [ app_init ] --START--
INFO: Run Behavior\BuildLiteBehavior [ RunTime:0.000000s ]
INFO: [ app_init ] --END-- [ RunTime:0.000000s ]
INFO: [ app_begin ] --START--
INFO: Run Behavior\ReadHtmlCacheBehavior [ RunTime:0.001000s ]
INFO: [ app_begin ] --END-- [ RunTime:0.001000s ]
ERR: 无法加载控制器:Workflow

[ 2017-02-13T13:40:04+08:00 ] 192.168.20.149 /workflow/request/form
INFO: [ app_init ] --START--
INFO: Run Behavior\BuildLiteBehavior [ RunTime:0.000000s ]
INFO: [ app_init ] --END-- [ RunTime:0.001000s ]
INFO: [ app_begin ] --START--
INFO: Run Behavior\ReadHtmlCacheBehavior [ RunTime:0.000000s ]
INFO: [ app_begin ] --END-- [ RunTime:0.001000s ]
ERR: 无法加载控制器:Workflow

[ 2017-02-13T13:40:20+08:00 ] 192.168.20.149 /
INFO: [ app_init ] --START--
INFO: Run Behavior\BuildLiteBehavior [ RunTime:0.000000s ]
INFO: [ app_init ] --END-- [ RunTime:0.000000s ]
INFO: [ app_begin ] --START--
INFO: Run Behavior\ReadHtmlCacheBehavior [ RunTime:0.001000s ]
INFO: [ app_begin ] --END-- [ RunTime:0.001000s ]
INFO: [ view_parse ] --START--
INFO: [ template_filter ] --START--
INFO: Run Behavior\ContentReplaceBehavior [ RunTime:0.000000s ]
INFO: [ template_filter ] --END-- [ RunTime:0.000000s ]
INFO: Run Behavior\ParseTemplateBehavior [ RunTime:0.006000s ]
INFO: [ view_parse ] --END-- [ RunTime:0.006000s ]
INFO: [ view_filter ] --START--
INFO: Run Behavior\WriteHtmlCacheBehavior [ RunTime:0.000000s ]
INFO: [ view_filter ] --END-- [ RunTime:0.001001s ]
INFO: [ app_end ] --START--
INFO: Run Behavior\ShowPageTraceBehavior [ RunTime:0.000000s ]
INFO: [ app_end ] --END-- [ RunTime:0.001000s ]

[ 2017-02-13T13:40:22+08:00 ] 192.168.20.149 /Admin/Access/getUserNodeList?_dc=1486964422355&page=1&start=0&limit=25
INFO: [ app_init ] --START--
INFO: Run Behavior\BuildLiteBehavior [ RunTime:0.000000s ]
INFO: [ app_init ] --END-- [ RunTime:0.001000s ]
INFO: [ app_begin ] --START--
INFO: Run Behavior\ReadHtmlCacheBehavior [ RunTime:0.001000s ]
INFO: [ app_begin ] --END-- [ RunTime:0.001000s ]
SQL: SHOW COLUMNS FROM `otc_user` [ RunTime:0.0010s ]
SQL: SHOW COLUMNS FROM `otc_auth_access` [ RunTime:0.0010s ]
SQL: SELECT aa.role_id FROM otc_auth_access as aa left JOIN otc_auth_role as ar ON aa.role_id = ar.id  WHERE aa.uid = 1 AND ar.status = 1  [ RunTime:0.0010s ]
SQL: SHOW COLUMNS FROM `otc_auth_role_node` [ RunTime:0.0020s ]
SQL: SHOW COLUMNS FROM `otc_auth_role_node` [ RunTime:0.0020s ]
SQL: SELECT DISTINCT r.node_id,n.name,n.pid,n.module,n.iconCls,n.group,n.url,n.type FROM otc_auth_role_node as r INNER JOIN otc_auth_node as n on n.id = r.node_id  WHERE r.role_id IN ('65','66','67','68','69','70','73','74','75','76','77','78','79','80','81','82') AND n.type = 1 AND n.status = 1 ORDER BY n.sort asc, n.id desc  [ RunTime:0.0030s ]
NOTIC: [8] Undefined index: id F:\OTCbate4_20160418\Application\Common\Common\function.php 第 119 行.
NOTIC: [8] Undefined index: id F:\OTCbate4_20160418\Application\Common\Common\function.php 第 119 行.
NOTIC: [8] Undefined index: id F:\OTCbate4_20160418\Application\Common\Common\function.php 第 119 行.
NOTIC: [8] Undefined index: id F:\OTCbate4_20160418\Application\Common\Common\function.php 第 119 行.
NOTIC: [8] Undefined index: id F:\OTCbate4_20160418\Application\Common\Common\function.php 第 119 行.
NOTIC: [8] Undefined index: id F:\OTCbate4_20160418\Application\Common\Common\function.php 第 119 行.
NOTIC: [8] Undefined index: id F:\OTCbate4_20160418\Application\Common\Common\function.php 第 119 行.
NOTIC: [8] Undefined index: id F:\OTCbate4_20160418\Application\Common\Common\function.php 第 119 行.
NOTIC: [8] Undefined index: id F:\OTCbate4_20160418\Application\Common\Common\function.php 第 119 行.
NOTIC: [8] Undefined index: id F:\OTCbate4_20160418\Application\Common\Common\function.php 第 119 行.
NOTIC: [8] Undefined index: id F:\OTCbate4_20160418\Application\Common\Common\function.php 第 119 行.
NOTIC: [8] Undefined index: id F:\OTCbate4_20160418\Application\Common\Common\function.php 第 119 行.
NOTIC: [8] Undefined index: id F:\OTCbate4_20160418\Application\Common\Common\function.php 第 119 行.
NOTIC: [8] Undefined index: id F:\OTCbate4_20160418\Application\Common\Common\function.php 第 119 行.
NOTIC: [8] Undefined index: id F:\OTCbate4_20160418\Application\Common\Common\function.php 第 119 行.
NOTIC: [8] Undefined index: id F:\OTCbate4_20160418\Application\Common\Common\function.php 第 119 行.
NOTIC: [8] Undefined index: id F:\OTCbate4_20160418\Application\Common\Common\function.php 第 119 行.
NOTIC: [8] Undefined index: id F:\OTCbate4_20160418\Application\Common\Common\function.php 第 119 行.

[ 2017-02-13T13:40:31+08:00 ] 192.168.20.149 /
INFO: [ app_init ] --START--
INFO: Run Behavior\BuildLiteBehavior [ RunTime:0.000000s ]
INFO: [ app_init ] --END-- [ RunTime:0.001000s ]
INFO: [ app_begin ] --START--
INFO: Run Behavior\ReadHtmlCacheBehavior [ RunTime:0.001000s ]
INFO: [ app_begin ] --END-- [ RunTime:0.001000s ]
INFO: [ view_parse ] --START--
INFO: [ template_filter ] --START--
INFO: Run Behavior\ContentReplaceBehavior [ RunTime:0.000000s ]
INFO: [ template_filter ] --END-- [ RunTime:0.000000s ]
INFO: Run Behavior\ParseTemplateBehavior [ RunTime:0.008001s ]
INFO: [ view_parse ] --END-- [ RunTime:0.008001s ]
INFO: [ view_filter ] --START--
INFO: Run Behavior\WriteHtmlCacheBehavior [ RunTime:0.001000s ]
INFO: [ view_filter ] --END-- [ RunTime:0.001000s ]
INFO: [ app_end ] --START--
INFO: Run Behavior\ShowPageTraceBehavior [ RunTime:0.001000s ]
INFO: [ app_end ] --END-- [ RunTime:0.001000s ]

[ 2017-02-13T13:40:32+08:00 ] 192.168.20.149 /Admin/Access/getUserNodeList?_dc=1486964432444&page=1&start=0&limit=25
INFO: [ app_init ] --START--
INFO: Run Behavior\BuildLiteBehavior [ RunTime:0.000000s ]
INFO: [ app_init ] --END-- [ RunTime:0.001000s ]
INFO: [ app_begin ] --START--
INFO: Run Behavior\ReadHtmlCacheBehavior [ RunTime:0.001000s ]
INFO: [ app_begin ] --END-- [ RunTime:0.002000s ]
SQL: SHOW COLUMNS FROM `otc_user` [ RunTime:0.0020s ]
SQL: SHOW COLUMNS FROM `otc_auth_access` [ RunTime:0.0010s ]
SQL: SELECT aa.role_id FROM otc_auth_access as aa left JOIN otc_auth_role as ar ON aa.role_id = ar.id  WHERE aa.uid = 1 AND ar.status = 1  [ RunTime:0.0010s ]
SQL: SHOW COLUMNS FROM `otc_auth_role_node` [ RunTime:0.0010s ]
SQL: SHOW COLUMNS FROM `otc_auth_role_node` [ RunTime:0.0000s ]
SQL: SELECT DISTINCT r.node_id,n.name,n.pid,n.module,n.iconCls,n.group,n.url,n.type FROM otc_auth_role_node as r INNER JOIN otc_auth_node as n on n.id = r.node_id  WHERE r.role_id IN ('65','66','67','68','69','70','73','74','75','76','77','78','79','80','81','82') AND n.type = 1 AND n.status = 1 ORDER BY n.sort asc, n.id desc  [ RunTime:0.0010s ]
NOTIC: [8] Undefined index: id F:\OTCbate4_20160418\Application\Common\Common\function.php 第 119 行.
NOTIC: [8] Undefined index: id F:\OTCbate4_20160418\Application\Common\Common\function.php 第 119 行.
NOTIC: [8] Undefined index: id F:\OTCbate4_20160418\Application\Common\Common\function.php 第 119 行.
NOTIC: [8] Undefined index: id F:\OTCbate4_20160418\Application\Common\Common\function.php 第 119 行.
NOTIC: [8] Undefined index: id F:\OTCbate4_20160418\Application\Common\Common\function.php 第 119 行.
NOTIC: [8] Undefined index: id F:\OTCbate4_20160418\Application\Common\Common\function.php 第 119 行.
NOTIC: [8] Undefined index: id F:\OTCbate4_20160418\Application\Common\Common\function.php 第 119 行.
NOTIC: [8] Undefined index: id F:\OTCbate4_20160418\Application\Common\Common\function.php 第 119 行.
NOTIC: [8] Undefined index: id F:\OTCbate4_20160418\Application\Common\Common\function.php 第 119 行.
NOTIC: [8] Undefined index: id F:\OTCbate4_20160418\Application\Common\Common\function.php 第 119 行.
NOTIC: [8] Undefined index: id F:\OTCbate4_20160418\Application\Common\Common\function.php 第 119 行.
NOTIC: [8] Undefined index: id F:\OTCbate4_20160418\Application\Common\Common\function.php 第 119 行.
NOTIC: [8] Undefined index: id F:\OTCbate4_20160418\Application\Common\Common\function.php 第 119 行.
NOTIC: [8] Undefined index: id F:\OTCbate4_20160418\Application\Common\Common\function.php 第 119 行.
NOTIC: [8] Undefined index: id F:\OTCbate4_20160418\Application\Common\Common\function.php 第 119 行.
NOTIC: [8] Undefined index: id F:\OTCbate4_20160418\Application\Common\Common\function.php 第 119 行.
NOTIC: [8] Undefined index: id F:\OTCbate4_20160418\Application\Common\Common\function.php 第 119 行.
NOTIC: [8] Undefined index: id F:\OTCbate4_20160418\Application\Common\Common\function.php 第 119 行.

[ 2017-02-13T13:40:50+08:00 ] 192.168.20.149 /
INFO: [ app_init ] --START--
INFO: Run Behavior\BuildLiteBehavior [ RunTime:0.000000s ]
INFO: [ app_init ] --END-- [ RunTime:0.001000s ]
INFO: [ app_begin ] --START--
INFO: Run Behavior\ReadHtmlCacheBehavior [ RunTime:0.001000s ]
INFO: [ app_begin ] --END-- [ RunTime:0.001000s ]
INFO: [ view_parse ] --START--
INFO: [ template_filter ] --START--
INFO: Run Behavior\ContentReplaceBehavior [ RunTime:0.000000s ]
INFO: [ template_filter ] --END-- [ RunTime:0.000000s ]
INFO: Run Behavior\ParseTemplateBehavior [ RunTime:0.007000s ]
INFO: [ view_parse ] --END-- [ RunTime:0.007000s ]
INFO: [ view_filter ] --START--
INFO: Run Behavior\WriteHtmlCacheBehavior [ RunTime:0.001000s ]
INFO: [ view_filter ] --END-- [ RunTime:0.001000s ]
INFO: [ app_end ] --START--
INFO: Run Behavior\ShowPageTraceBehavior [ RunTime:0.000000s ]
INFO: [ app_end ] --END-- [ RunTime:0.001000s ]

[ 2017-02-13T13:40:52+08:00 ] 192.168.20.149 /Admin/Access/getUserNodeList?_dc=1486964452015&page=1&start=0&limit=25
INFO: [ app_init ] --START--
INFO: Run Behavior\BuildLiteBehavior [ RunTime:0.000000s ]
INFO: [ app_init ] --END-- [ RunTime:0.001000s ]
INFO: [ app_begin ] --START--
INFO: Run Behavior\ReadHtmlCacheBehavior [ RunTime:0.001000s ]
INFO: [ app_begin ] --END-- [ RunTime:0.001000s ]
SQL: SHOW COLUMNS FROM `otc_user` [ RunTime:0.0020s ]
SQL: SHOW COLUMNS FROM `otc_auth_access` [ RunTime:0.0020s ]
SQL: SELECT aa.role_id FROM otc_auth_access as aa left JOIN otc_auth_role as ar ON aa.role_id = ar.id  WHERE aa.uid = 1 AND ar.status = 1  [ RunTime:0.0010s ]
SQL: SHOW COLUMNS FROM `otc_auth_role_node` [ RunTime:0.0020s ]
SQL: SHOW COLUMNS FROM `otc_auth_role_node` [ RunTime:0.0010s ]
SQL: SELECT DISTINCT r.node_id,n.name,n.pid,n.module,n.iconCls,n.group,n.url,n.type FROM otc_auth_role_node as r INNER JOIN otc_auth_node as n on n.id = r.node_id  WHERE r.role_id IN ('65','66','67','68','69','70','73','74','75','76','77','78','79','80','81','82') AND n.type = 1 AND n.status = 1 ORDER BY n.sort asc, n.id desc  [ RunTime:0.0040s ]
NOTIC: [8] Undefined index: id F:\OTCbate4_20160418\Application\Common\Common\function.php 第 119 行.
NOTIC: [8] Undefined index: id F:\OTCbate4_20160418\Application\Common\Common\function.php 第 119 行.
NOTIC: [8] Undefined index: id F:\OTCbate4_20160418\Application\Common\Common\function.php 第 119 行.
NOTIC: [8] Undefined index: id F:\OTCbate4_20160418\Application\Common\Common\function.php 第 119 行.
NOTIC: [8] Undefined index: id F:\OTCbate4_20160418\Application\Common\Common\function.php 第 119 行.
NOTIC: [8] Undefined index: id F:\OTCbate4_20160418\Application\Common\Common\function.php 第 119 行.
NOTIC: [8] Undefined index: id F:\OTCbate4_20160418\Application\Common\Common\function.php 第 119 行.
NOTIC: [8] Undefined index: id F:\OTCbate4_20160418\Application\Common\Common\function.php 第 119 行.
NOTIC: [8] Undefined index: id F:\OTCbate4_20160418\Application\Common\Common\function.php 第 119 行.
NOTIC: [8] Undefined index: id F:\OTCbate4_20160418\Application\Common\Common\function.php 第 119 行.
NOTIC: [8] Undefined index: id F:\OTCbate4_20160418\Application\Common\Common\function.php 第 119 行.
NOTIC: [8] Undefined index: id F:\OTCbate4_20160418\Application\Common\Common\function.php 第 119 行.
NOTIC: [8] Undefined index: id F:\OTCbate4_20160418\Application\Common\Common\function.php 第 119 行.
NOTIC: [8] Undefined index: id F:\OTCbate4_20160418\Application\Common\Common\function.php 第 119 行.
NOTIC: [8] Undefined index: id F:\OTCbate4_20160418\Application\Common\Common\function.php 第 119 行.
NOTIC: [8] Undefined index: id F:\OTCbate4_20160418\Application\Common\Common\function.php 第 119 行.
NOTIC: [8] Undefined index: id F:\OTCbate4_20160418\Application\Common\Common\function.php 第 119 行.
NOTIC: [8] Undefined index: id F:\OTCbate4_20160418\Application\Common\Common\function.php 第 119 行.

