[ 2016-03-10T09:54:49+08:00 ] 127.0.0.1 /Guest
INFO: [ app_init ] --START--
INFO: Run Behavior\BuildLiteBehavior [ RunTime:0.000000s ]
INFO: [ app_init ] --END-- [ RunTime:0.002000s ]
INFO: [ app_begin ] --START--
INFO: Run Behavior\ReadHtmlCacheBehavior [ RunTime:0.002000s ]
INFO: [ app_begin ] --END-- [ RunTime:0.002000s ]
INFO: [ view_parse ] --START--
INFO: [ template_filter ] --START--
INFO: Run Behavior\ContentReplaceBehavior [ RunTime:0.011000s ]
INFO: [ template_filter ] --END-- [ RunTime:0.011000s ]
INFO: Run Behavior\ParseTemplateBehavior [ RunTime:0.020001s ]
INFO: [ view_parse ] --END-- [ RunTime:0.020001s ]
INFO: [ view_filter ] --START--
INFO: Run Behavior\WriteHtmlCacheBehavior [ RunTime:0.000000s ]
INFO: [ view_filter ] --END-- [ RunTime:0.000000s ]
INFO: [ app_end ] --START--
INFO: Run Behavior\ShowPageTraceBehavior [ RunTime:0.000000s ]
INFO: [ app_end ] --END-- [ RunTime:0.000000s ]

[ 2016-03-10T09:54:50+08:00 ] 127.0.0.1 /guest/access/getUserNodeList?q=1457574890182
INFO: [ app_init ] --START--
INFO: Run Behavior\BuildLiteBehavior [ RunTime:0.000000s ]
INFO: [ app_init ] --END-- [ RunTime:0.002000s ]
INFO: [ app_begin ] --START--
INFO: Run Behavior\ReadHtmlCacheBehavior [ RunTime:0.001000s ]
INFO: [ app_begin ] --END-- [ RunTime:0.001000s ]
SQL: SHOW COLUMNS FROM `otc_user` [ RunTime:0.0110s ]
SQL: SHOW COLUMNS FROM `otc_auth_access` [ RunTime:0.0100s ]
SQL: SELECT `role_id` FROM `otc_auth_access` WHERE ( uid = 1 )  [ RunTime:0.0020s ]
SQL: SHOW COLUMNS FROM `otc_auth_role_node` [ RunTime:0.0100s ]
SQL: SHOW COLUMNS FROM `otc_auth_role_node` [ RunTime:0.0100s ]
SQL: SELECT DISTINCT r.node_id,n.name,n.pid,n.module,n.iconCls,n.group,n.url FROM otc_auth_role_node as r INNER JOIN otc_auth_node as n on n.id = r.node_id  WHERE r.role_id IN ('65','73','70','69','68','67','66','77','76','75','74','78','79','82','81','80') AND n.type = 2 ORDER BY n.sort asc, n.id desc  [ RunTime:0.0030s ]

[ 2016-03-10T09:54:53+08:00 ] 127.0.0.1 /Guest/Invest/clivslist?q=1457574893787
INFO: [ app_init ] --START--
INFO: Run Behavior\BuildLiteBehavior [ RunTime:0.000000s ]
INFO: [ app_init ] --END-- [ RunTime:0.000000s ]
INFO: [ app_begin ] --START--
INFO: Run Behavior\ReadHtmlCacheBehavior [ RunTime:0.001000s ]
INFO: [ app_begin ] --END-- [ RunTime:0.001000s ]
SQL: SHOW COLUMNS FROM `otc_user` [ RunTime:0.0120s ]
SQL: SHOW COLUMNS FROM `otc_auth_access` [ RunTime:0.0100s ]
SQL: SELECT `role_id` FROM `otc_auth_access` WHERE ( uid = 1 )  [ RunTime:0.0010s ]
SQL: SHOW COLUMNS FROM `otc_auth_role_permission` [ RunTime:0.0110s ]
SQL: SHOW COLUMNS FROM `otc_auth_role_permission` [ RunTime:0.0100s ]
SQL: SELECT DISTINCT r.permission_id,n.permission_name,lower(n.`module-controller-action`) as permission_code FROM otc_auth_role_permission as r INNER JOIN otc_auth_permission as n on n.permission_id = r.permission_id  WHERE r.role_id IN ('65','73','70','69','68','67','66','77','76','75','74','78','79','82','81','80')  [ RunTime:0.0090s ]
NOTIC: [2] in_array() expects parameter 2 to be array, string given D:\WEB\192.168.1.126\otc\Application\Guest\Controller\InvestController.class.php 第 21 行.
SQL: SHOW COLUMNS FROM `otc_user` [ RunTime:0.0090s ]
SQL: SELECT `role_id` FROM `otc_auth_access` WHERE ( uid = 1 )  [ RunTime:0.0020s ]
SQL: SHOW COLUMNS FROM `otc_auth_role_permission` [ RunTime:0.0070s ]
SQL: SELECT DISTINCT r.permission_id,n.permission_name,lower(n.`permission_code`) as permission_code FROM otc_auth_role_permission as r INNER JOIN otc_auth_permission as n on n.permission_id = r.permission_id  WHERE r.role_id IN ('65','73','70','69','68','67','66','77','76','75','74','78','79','82','81','80')  [ RunTime:0.0090s ]
SQL: SELECT `role_id` FROM `otc_auth_access` WHERE ( uid = 1 )  [ RunTime:0.0010s ]
SQL: SHOW COLUMNS FROM `otc_auth_role_permission` [ RunTime:0.0070s ]
SQL: SELECT DISTINCT r.permission_id,n.permission_name,lower(n.`permission_code`) as permission_code FROM otc_auth_role_permission as r INNER JOIN otc_auth_permission as n on n.permission_id = r.permission_id  WHERE r.role_id IN ('65','73','70','69','68','67','66','77','76','75','74','78','79','82','81','80')  [ RunTime:0.0080s ]
SQL: SHOW COLUMNS FROM `otc_cf_ivs_right` [ RunTime:0.0070s ]
SQL: SHOW COLUMNS FROM `otc_cf_ivs` [ RunTime:0.0090s ]
SQL: SELECT COUNT(*) AS tp_count FROM otc_cf_ivs a INNER JOIN otc_cust_person b on a.cod_cust_id=b.cod_cust_id INNER JOIN otc_cf_mast c on a.cod_cf_id=c.id left JOIN otc_cf_ctl d on a.cod_ctl_id=d.id left JOIN otc_cf_ivs_right e on a.id=e.cf_ivs_id INNER JOIN otc_user as ou on ou.id=a.usr_create INNER JOIN otc_department as od on ou.department_id= od.id  WHERE ( operating = 1 and (a.cod_ivs_status = 1 or (a.cod_ivs_status = 2 and e.cf_ivs_redemption_id is not null))  ) LIMIT 1   [ RunTime:0.0030s ]
SQL: SELECT od.name as department_name,ou.realname as user_name,a.id,a.cod_ctl_id,`cod_period`,a.amt_ivs,a.ctl_ivs_cnt,a.amt_int_total,a.amt_fee_total,a.pos_order,e.status,e.step,a.dat_modify,e.qqh_file,IFNULL(e.cf_ivs_redemption_id,0) as cf_ivs_redemption_id,c.title,c.code,d.cod_period,b.nam_cust_real,b.cod_cust_id_no FROM otc_cf_ivs a INNER JOIN otc_cust_person b on a.cod_cust_id=b.cod_cust_id INNER JOIN otc_cf_mast c on a.cod_cf_id=c.id left JOIN otc_cf_ctl d on a.cod_ctl_id=d.id left JOIN otc_cf_ivs_right e on a.id=e.cf_ivs_id INNER JOIN otc_user as ou on ou.id=a.usr_create INNER JOIN otc_department as od on ou.department_id= od.id  WHERE ( operating = 1 and (a.cod_ivs_status = 1 or (a.cod_ivs_status = 2 and e.cf_ivs_redemption_id is not null))  ) ORDER BY a.dat_modify desc LIMIT 0,10   [ RunTime:0.0090s ]

[ 2016-03-10T10:04:43+08:00 ] 127.0.0.1 /Guest/Invest/clivslist?q=1457575483412
INFO: [ app_init ] --START--
INFO: Run Behavior\BuildLiteBehavior [ RunTime:0.000000s ]
INFO: [ app_init ] --END-- [ RunTime:0.000000s ]
INFO: [ app_begin ] --START--
INFO: Run Behavior\ReadHtmlCacheBehavior [ RunTime:0.001000s ]
INFO: [ app_begin ] --END-- [ RunTime:0.001000s ]
SQL: SHOW COLUMNS FROM `otc_user` [ RunTime:0.0120s ]
SQL: SHOW COLUMNS FROM `otc_auth_access` [ RunTime:0.0100s ]
SQL: SELECT `role_id` FROM `otc_auth_access` WHERE ( uid = 1 )  [ RunTime:0.0010s ]
SQL: SHOW COLUMNS FROM `otc_auth_role_permission` [ RunTime:0.0080s ]
SQL: SHOW COLUMNS FROM `otc_auth_role_permission` [ RunTime:0.0080s ]
SQL: SELECT DISTINCT r.permission_id,n.permission_name,lower(n.`module-controller-action`) as permission_code FROM otc_auth_role_permission as r INNER JOIN otc_auth_permission as n on n.permission_id = r.permission_id  WHERE r.role_id IN ('65','73','70','69','68','67','66','77','76','75','74','78','79','82','81','80')  [ RunTime:0.0100s ]
NOTIC: [2] in_array() expects parameter 2 to be array, string given D:\WEB\192.168.1.126\otc\Application\Guest\Controller\InvestController.class.php 第 21 行.
SQL: SHOW COLUMNS FROM `otc_user` [ RunTime:0.0100s ]
SQL: SELECT `role_id` FROM `otc_auth_access` WHERE ( uid = 1 )  [ RunTime:0.0030s ]
SQL: SHOW COLUMNS FROM `otc_auth_role_permission` [ RunTime:0.0100s ]
SQL: SELECT DISTINCT r.permission_id,n.permission_name,lower(n.`permission_code`) as permission_code FROM otc_auth_role_permission as r INNER JOIN otc_auth_permission as n on n.permission_id = r.permission_id  WHERE r.role_id IN ('65','73','70','69','68','67','66','77','76','75','74','78','79','82','81','80')  [ RunTime:0.0090s ]
SQL: SELECT `role_id` FROM `otc_auth_access` WHERE ( uid = 1 )  [ RunTime:0.0020s ]
SQL: SHOW COLUMNS FROM `otc_auth_role_permission` [ RunTime:0.0080s ]
SQL: SELECT DISTINCT r.permission_id,n.permission_name,lower(n.`permission_code`) as permission_code FROM otc_auth_role_permission as r INNER JOIN otc_auth_permission as n on n.permission_id = r.permission_id  WHERE r.role_id IN ('65','73','70','69','68','67','66','77','76','75','74','78','79','82','81','80')  [ RunTime:0.0080s ]
SQL: SHOW COLUMNS FROM `otc_cf_ivs_right` [ RunTime:0.0080s ]
SQL: SHOW COLUMNS FROM `otc_cf_ivs` [ RunTime:0.0090s ]
SQL: SELECT COUNT(*) AS tp_count FROM otc_cf_ivs a INNER JOIN otc_cust_person b on a.cod_cust_id=b.cod_cust_id INNER JOIN otc_cf_mast c on a.cod_cf_id=c.id left JOIN otc_cf_ctl d on a.cod_ctl_id=d.id left JOIN otc_cf_ivs_right e on a.id=e.cf_ivs_id INNER JOIN otc_user as ou on ou.id=a.usr_create INNER JOIN otc_department as od on ou.department_id= od.id  WHERE ( operating = 1 and (a.cod_ivs_status = 1 or (a.cod_ivs_status = 2 and e.cf_ivs_redemption_id is not null))  ) LIMIT 1   [ RunTime:0.0030s ]
SQL: SELECT od.name as department_name,ou.realname as user_name,a.id,a.cod_ctl_id,`cod_period`,a.amt_ivs,a.ctl_ivs_cnt,a.amt_int_total,a.amt_fee_total,a.pos_order,e.status,e.step,a.dat_modify,ifnull(rf.file,e.qqh_file) as loc_qqh_file,e.qqh_file as qqh_file,IFNULL(e.cf_ivs_redemption_id,0) as cf_ivs_redemption_id,c.title,c.code,d.cod_period,b.nam_cust_real,b.cod_cust_id_no FROM otc_cf_ivs a INNER JOIN otc_cust_person b on a.cod_cust_id=b.cod_cust_id INNER JOIN otc_cf_mast c on a.cod_cf_id=c.id left JOIN otc_cf_ctl d on a.cod_ctl_id=d.id left JOIN otc_cf_ivs_right e on a.id=e.cf_ivs_id left JOIN otc_cf_ivs_right_file rf ON rf.cf_ivs_right_id = e.id  and rf.validflag = 1 INNER JOIN otc_user as ou on ou.id=a.usr_create INNER JOIN otc_department as od on ou.department_id= od.id  WHERE ( operating = 1 and (a.cod_ivs_status = 1 or (a.cod_ivs_status = 2 and e.cf_ivs_redemption_id is not null))  ) ORDER BY a.dat_modify desc LIMIT 0,10   [ RunTime:0.0480s ]

[ 2016-03-10T10:23:02+08:00 ] 127.0.0.1 /Guest
INFO: [ app_init ] --START--
INFO: Run Behavior\BuildLiteBehavior [ RunTime:0.000000s ]
INFO: [ app_init ] --END-- [ RunTime:0.001000s ]
INFO: [ app_begin ] --START--
INFO: Run Behavior\ReadHtmlCacheBehavior [ RunTime:0.000000s ]
INFO: [ app_begin ] --END-- [ RunTime:0.001000s ]
INFO: [ view_parse ] --START--
INFO: [ template_filter ] --START--
INFO: Run Behavior\ContentReplaceBehavior [ RunTime:0.000000s ]
INFO: [ template_filter ] --END-- [ RunTime:0.000000s ]
INFO: Run Behavior\ParseTemplateBehavior [ RunTime:0.007001s ]
INFO: [ view_parse ] --END-- [ RunTime:0.007001s ]
INFO: [ view_filter ] --START--
INFO: Run Behavior\WriteHtmlCacheBehavior [ RunTime:0.001000s ]
INFO: [ view_filter ] --END-- [ RunTime:0.001000s ]
INFO: [ app_end ] --START--
INFO: Run Behavior\ShowPageTraceBehavior [ RunTime:0.001000s ]
INFO: [ app_end ] --END-- [ RunTime:0.001000s ]

[ 2016-03-10T10:23:03+08:00 ] 127.0.0.1 /guest/access/getUserNodeList?q=1457576582859
INFO: [ app_init ] --START--
INFO: Run Behavior\BuildLiteBehavior [ RunTime:0.000000s ]
INFO: [ app_init ] --END-- [ RunTime:0.001000s ]
INFO: [ app_begin ] --START--
INFO: Run Behavior\ReadHtmlCacheBehavior [ RunTime:0.001000s ]
INFO: [ app_begin ] --END-- [ RunTime:0.001000s ]
SQL: SHOW COLUMNS FROM `otc_user` [ RunTime:0.0110s ]
SQL: SHOW COLUMNS FROM `otc_auth_access` [ RunTime:0.0100s ]
SQL: SELECT `role_id` FROM `otc_auth_access` WHERE ( uid = 1 )  [ RunTime:0.0030s ]
SQL: SHOW COLUMNS FROM `otc_auth_role_node` [ RunTime:0.0100s ]
SQL: SHOW COLUMNS FROM `otc_auth_role_node` [ RunTime:0.0070s ]
SQL: SELECT DISTINCT r.node_id,n.name,n.pid,n.module,n.iconCls,n.group,n.url FROM otc_auth_role_node as r INNER JOIN otc_auth_node as n on n.id = r.node_id  WHERE r.role_id IN ('65','73','70','69','68','67','66','77','76','75','74','78','79','82','81','80') AND n.type = 2 ORDER BY n.sort asc, n.id desc  [ RunTime:0.0050s ]

[ 2016-03-10T10:23:20+08:00 ] 127.0.0.1 /Guest/Cust/myivs_dnf?q=1457576599524
INFO: [ app_init ] --START--
INFO: Run Behavior\BuildLiteBehavior [ RunTime:0.001000s ]
INFO: [ app_init ] --END-- [ RunTime:0.009000s ]
INFO: [ app_begin ] --START--
INFO: Run Behavior\ReadHtmlCacheBehavior [ RunTime:0.001001s ]
INFO: [ app_begin ] --END-- [ RunTime:0.001001s ]
SQL: SHOW COLUMNS FROM `otc_user` [ RunTime:0.0120s ]
SQL: SHOW COLUMNS FROM `otc_auth_access` [ RunTime:0.0110s ]
SQL: SELECT `role_id` FROM `otc_auth_access` WHERE ( uid = 1 )  [ RunTime:0.0030s ]
SQL: SHOW COLUMNS FROM `otc_auth_role_permission` [ RunTime:0.0160s ]
SQL: SHOW COLUMNS FROM `otc_auth_role_permission` [ RunTime:0.0080s ]
SQL: SELECT DISTINCT r.permission_id,n.permission_name,lower(n.`module-controller-action`) as permission_code FROM otc_auth_role_permission as r INNER JOIN otc_auth_permission as n on n.permission_id = r.permission_id  WHERE r.role_id IN ('65','73','70','69','68','67','66','77','76','75','74','78','79','82','81','80')  [ RunTime:0.0130s ]
SQL: SHOW COLUMNS FROM `otc_user` [ RunTime:0.0090s ]
SQL: SELECT `role_id` FROM `otc_auth_access` WHERE ( uid = 1 )  [ RunTime:0.0020s ]
SQL: SHOW COLUMNS FROM `otc_auth_role_permission` [ RunTime:0.0070s ]
SQL: SELECT DISTINCT r.permission_id,n.permission_name,lower(n.`permission_code`) as permission_code FROM otc_auth_role_permission as r INNER JOIN otc_auth_permission as n on n.permission_id = r.permission_id  WHERE r.role_id IN ('65','73','70','69','68','67','66','77','76','75','74','78','79','82','81','80')  [ RunTime:0.0110s ]
SQL: SELECT `role_id` FROM `otc_auth_access` WHERE ( uid = 1 )  [ RunTime:0.0030s ]
SQL: SHOW COLUMNS FROM `otc_auth_role_permission` [ RunTime:0.0060s ]
SQL: SELECT DISTINCT r.permission_id,n.permission_name,lower(n.`permission_code`) as permission_code FROM otc_auth_role_permission as r INNER JOIN otc_auth_permission as n on n.permission_id = r.permission_id  WHERE r.role_id IN ('65','73','70','69','68','67','66','77','76','75','74','78','79','82','81','80')  [ RunTime:0.0070s ]
SQL: SHOW COLUMNS FROM `otc_cust_crm` [ RunTime:0.0090s ]
SQL: SHOW COLUMNS FROM `otc_cf_ivs` [ RunTime:0.0080s ]
SQL: SELECT ci.id,ci.cod_ctl_id,ci.product_code,ci.amt_ivs,ci.ctl_ivs_cnt,ci.amt_int_total,ci.pos_order,ci.cod_ivs_status,ci.dat_create as dat_modify,c.title,c.code,ci.amt_time,d.cod_period,b.nam_cust_real,b.cod_cust_id_no,ou.realname as user_name,od.name as department_name FROM otc_cf_ivs ci INNER JOIN otc_cust_person b on ci.cod_cust_id=b.cod_cust_id INNER JOIN otc_cf_mast c on ci.cod_cf_id=c.id INNER JOIN otc_cf_ctl d on ci.cod_ctl_id=d.id left JOIN otc_user as ou on ou.id=ci.usr_create left JOIN otc_department as od on od.id=ou.department_id  WHERE ( operating = 1 ) ORDER BY ci.dat_create desc LIMIT 0,10   [ RunTime:0.0060s ]
SQL: SELECT COUNT(*) AS tp_count FROM otc_cf_ivs ci INNER JOIN otc_cust_person b on ci.cod_cust_id=b.cod_cust_id INNER JOIN otc_cf_mast c on ci.cod_cf_id=c.id INNER JOIN otc_cf_ctl d on ci.cod_ctl_id=d.id left JOIN otc_user as ou on ou.id=ci.usr_create left JOIN otc_department as od on od.id=ou.department_id  WHERE ( operating = 1 ) LIMIT 1   [ RunTime:0.0030s ]
SQL: SELECT `role_id` FROM `otc_auth_access` WHERE ( uid = 1 )  [ RunTime:0.0010s ]
SQL: SHOW COLUMNS FROM `otc_auth_role_permission` [ RunTime:0.0060s ]
SQL: SELECT DISTINCT r.permission_id,n.permission_name,lower(n.`module-controller-action`) as permission_code FROM otc_auth_role_permission as r INNER JOIN otc_auth_permission as n on n.permission_id = r.permission_id  WHERE r.role_id IN ('65','73','70','69','68','67','66','77','76','75','74','78','79','82','81','80')  [ RunTime:0.0080s ]
SQL: SELECT `role_id` FROM `otc_auth_access` WHERE ( uid = 1 )  [ RunTime:0.0050s ]
SQL: SHOW COLUMNS FROM `otc_auth_role_permission` [ RunTime:0.0070s ]
SQL: SELECT DISTINCT r.permission_id,n.permission_name,lower(n.`module-controller-action`) as permission_code FROM otc_auth_role_permission as r INNER JOIN otc_auth_permission as n on n.permission_id = r.permission_id  WHERE r.role_id IN ('65','73','70','69','68','67','66','77','76','75','74','78','79','82','81','80')  [ RunTime:0.0080s ]
NOTIC: [8] Use of undefined constant time - assumed 'time' D:\WEB\192.168.1.126\otc\Application\Guest\Model\CustCrmModel.class.php 第 123 行.
SQL: SELECT `role_id` FROM `otc_auth_access` WHERE ( uid = 1 )  [ RunTime:0.0010s ]
SQL: SHOW COLUMNS FROM `otc_auth_role_permission` [ RunTime:0.0070s ]
SQL: SELECT DISTINCT r.permission_id,n.permission_name,lower(n.`module-controller-action`) as permission_code FROM otc_auth_role_permission as r INNER JOIN otc_auth_permission as n on n.permission_id = r.permission_id  WHERE r.role_id IN ('65','73','70','69','68','67','66','77','76','75','74','78','79','82','81','80')  [ RunTime:0.0100s ]
SQL: SELECT `role_id` FROM `otc_auth_access` WHERE ( uid = 1 )  [ RunTime:0.0030s ]
SQL: SHOW COLUMNS FROM `otc_auth_role_permission` [ RunTime:0.0100s ]
SQL: SELECT DISTINCT r.permission_id,n.permission_name,lower(n.`module-controller-action`) as permission_code FROM otc_auth_role_permission as r INNER JOIN otc_auth_permission as n on n.permission_id = r.permission_id  WHERE r.role_id IN ('65','73','70','69','68','67','66','77','76','75','74','78','79','82','81','80')  [ RunTime:0.0100s ]
SQL: SELECT `role_id` FROM `otc_auth_access` WHERE ( uid = 1 )  [ RunTime:0.0020s ]
SQL: SHOW COLUMNS FROM `otc_auth_role_permission` [ RunTime:0.0070s ]
SQL: SELECT DISTINCT r.permission_id,n.permission_name,lower(n.`module-controller-action`) as permission_code FROM otc_auth_role_permission as r INNER JOIN otc_auth_permission as n on n.permission_id = r.permission_id  WHERE r.role_id IN ('65','73','70','69','68','67','66','77','76','75','74','78','79','82','81','80')  [ RunTime:0.0080s ]
NOTIC: [8] Use of undefined constant time - assumed 'time' D:\WEB\192.168.1.126\otc\Application\Guest\Model\CustCrmModel.class.php 第 123 行.
SQL: SELECT `role_id` FROM `otc_auth_access` WHERE ( uid = 1 )  [ RunTime:0.0020s ]
SQL: SHOW COLUMNS FROM `otc_auth_role_permission` [ RunTime:0.0070s ]
SQL: SELECT DISTINCT r.permission_id,n.permission_name,lower(n.`module-controller-action`) as permission_code FROM otc_auth_role_permission as r INNER JOIN otc_auth_permission as n on n.permission_id = r.permission_id  WHERE r.role_id IN ('65','73','70','69','68','67','66','77','76','75','74','78','79','82','81','80')  [ RunTime:0.0080s ]
SQL: SELECT `role_id` FROM `otc_auth_access` WHERE ( uid = 1 )  [ RunTime:0.0020s ]
SQL: SHOW COLUMNS FROM `otc_auth_role_permission` [ RunTime:0.0080s ]
SQL: SELECT DISTINCT r.permission_id,n.permission_name,lower(n.`module-controller-action`) as permission_code FROM otc_auth_role_permission as r INNER JOIN otc_auth_permission as n on n.permission_id = r.permission_id  WHERE r.role_id IN ('65','73','70','69','68','67','66','77','76','75','74','78','79','82','81','80')  [ RunTime:0.0110s ]
SQL: SELECT `role_id` FROM `otc_auth_access` WHERE ( uid = 1 )  [ RunTime:0.0020s ]
SQL: SHOW COLUMNS FROM `otc_auth_role_permission` [ RunTime:0.0100s ]
SQL: SELECT DISTINCT r.permission_id,n.permission_name,lower(n.`module-controller-action`) as permission_code FROM otc_auth_role_permission as r INNER JOIN otc_auth_permission as n on n.permission_id = r.permission_id  WHERE r.role_id IN ('65','73','70','69','68','67','66','77','76','75','74','78','79','82','81','80')  [ RunTime:0.0100s ]
NOTIC: [8] Use of undefined constant time - assumed 'time' D:\WEB\192.168.1.126\otc\Application\Guest\Model\CustCrmModel.class.php 第 123 行.
SQL: SELECT `role_id` FROM `otc_auth_access` WHERE ( uid = 1 )  [ RunTime:0.0020s ]
SQL: SHOW COLUMNS FROM `otc_auth_role_permission` [ RunTime:0.0080s ]
SQL: SELECT DISTINCT r.permission_id,n.permission_name,lower(n.`module-controller-action`) as permission_code FROM otc_auth_role_permission as r INNER JOIN otc_auth_permission as n on n.permission_id = r.permission_id  WHERE r.role_id IN ('65','73','70','69','68','67','66','77','76','75','74','78','79','82','81','80')  [ RunTime:0.0100s ]
SQL: SELECT `role_id` FROM `otc_auth_access` WHERE ( uid = 1 )  [ RunTime:0.0020s ]
SQL: SHOW COLUMNS FROM `otc_auth_role_permission` [ RunTime:0.0100s ]
SQL: SELECT DISTINCT r.permission_id,n.permission_name,lower(n.`module-controller-action`) as permission_code FROM otc_auth_role_permission as r INNER JOIN otc_auth_permission as n on n.permission_id = r.permission_id  WHERE r.role_id IN ('65','73','70','69','68','67','66','77','76','75','74','78','79','82','81','80')  [ RunTime:0.0080s ]
SQL: SELECT `role_id` FROM `otc_auth_access` WHERE ( uid = 1 )  [ RunTime:0.0040s ]
SQL: SHOW COLUMNS FROM `otc_auth_role_permission` [ RunTime:0.0080s ]
SQL: SELECT DISTINCT r.permission_id,n.permission_name,lower(n.`module-controller-action`) as permission_code FROM otc_auth_role_permission as r INNER JOIN otc_auth_permission as n on n.permission_id = r.permission_id  WHERE r.role_id IN ('65','73','70','69','68','67','66','77','76','75','74','78','79','82','81','80')  [ RunTime:0.0070s ]
NOTIC: [8] Use of undefined constant time - assumed 'time' D:\WEB\192.168.1.126\otc\Application\Guest\Model\CustCrmModel.class.php 第 123 行.
SQL: SELECT `role_id` FROM `otc_auth_access` WHERE ( uid = 1 )  [ RunTime:0.0030s ]
SQL: SHOW COLUMNS FROM `otc_auth_role_permission` [ RunTime:0.0070s ]
SQL: SELECT DISTINCT r.permission_id,n.permission_name,lower(n.`module-controller-action`) as permission_code FROM otc_auth_role_permission as r INNER JOIN otc_auth_permission as n on n.permission_id = r.permission_id  WHERE r.role_id IN ('65','73','70','69','68','67','66','77','76','75','74','78','79','82','81','80')  [ RunTime:0.0080s ]
SQL: SELECT `role_id` FROM `otc_auth_access` WHERE ( uid = 1 )  [ RunTime:0.0040s ]
SQL: SHOW COLUMNS FROM `otc_auth_role_permission` [ RunTime:0.0070s ]
SQL: SELECT DISTINCT r.permission_id,n.permission_name,lower(n.`module-controller-action`) as permission_code FROM otc_auth_role_permission as r INNER JOIN otc_auth_permission as n on n.permission_id = r.permission_id  WHERE r.role_id IN ('65','73','70','69','68','67','66','77','76','75','74','78','79','82','81','80')  [ RunTime:0.0100s ]
SQL: SELECT `role_id` FROM `otc_auth_access` WHERE ( uid = 1 )  [ RunTime:0.0030s ]
SQL: SHOW COLUMNS FROM `otc_auth_role_permission` [ RunTime:0.0110s ]
SQL: SELECT DISTINCT r.permission_id,n.permission_name,lower(n.`module-controller-action`) as permission_code FROM otc_auth_role_permission as r INNER JOIN otc_auth_permission as n on n.permission_id = r.permission_id  WHERE r.role_id IN ('65','73','70','69','68','67','66','77','76','75','74','78','79','82','81','80')  [ RunTime:0.0130s ]
NOTIC: [8] Use of undefined constant time - assumed 'time' D:\WEB\192.168.1.126\otc\Application\Guest\Model\CustCrmModel.class.php 第 123 行.
SQL: SELECT `role_id` FROM `otc_auth_access` WHERE ( uid = 1 )  [ RunTime:0.0020s ]
SQL: SHOW COLUMNS FROM `otc_auth_role_permission` [ RunTime:0.0080s ]
SQL: SELECT DISTINCT r.permission_id,n.permission_name,lower(n.`module-controller-action`) as permission_code FROM otc_auth_role_permission as r INNER JOIN otc_auth_permission as n on n.permission_id = r.permission_id  WHERE r.role_id IN ('65','73','70','69','68','67','66','77','76','75','74','78','79','82','81','80')  [ RunTime:0.0080s ]
SQL: SELECT `role_id` FROM `otc_auth_access` WHERE ( uid = 1 )  [ RunTime:0.0030s ]
SQL: SHOW COLUMNS FROM `otc_auth_role_permission` [ RunTime:0.0080s ]
SQL: SELECT DISTINCT r.permission_id,n.permission_name,lower(n.`module-controller-action`) as permission_code FROM otc_auth_role_permission as r INNER JOIN otc_auth_permission as n on n.permission_id = r.permission_id  WHERE r.role_id IN ('65','73','70','69','68','67','66','77','76','75','74','78','79','82','81','80')  [ RunTime:0.0080s ]
SQL: SELECT `role_id` FROM `otc_auth_access` WHERE ( uid = 1 )  [ RunTime:0.0040s ]
SQL: SHOW COLUMNS FROM `otc_auth_role_permission` [ RunTime:0.0080s ]
SQL: SELECT DISTINCT r.permission_id,n.permission_name,lower(n.`module-controller-action`) as permission_code FROM otc_auth_role_permission as r INNER JOIN otc_auth_permission as n on n.permission_id = r.permission_id  WHERE r.role_id IN ('65','73','70','69','68','67','66','77','76','75','74','78','79','82','81','80')  [ RunTime:0.0080s ]
NOTIC: [8] Use of undefined constant time - assumed 'time' D:\WEB\192.168.1.126\otc\Application\Guest\Model\CustCrmModel.class.php 第 123 行.
SQL: SELECT `role_id` FROM `otc_auth_access` WHERE ( uid = 1 )  [ RunTime:0.0020s ]
SQL: SHOW COLUMNS FROM `otc_auth_role_permission` [ RunTime:0.0080s ]
SQL: SELECT DISTINCT r.permission_id,n.permission_name,lower(n.`module-controller-action`) as permission_code FROM otc_auth_role_permission as r INNER JOIN otc_auth_permission as n on n.permission_id = r.permission_id  WHERE r.role_id IN ('65','73','70','69','68','67','66','77','76','75','74','78','79','82','81','80')  [ RunTime:0.0090s ]
SQL: SELECT `role_id` FROM `otc_auth_access` WHERE ( uid = 1 )  [ RunTime:0.0030s ]
SQL: SHOW COLUMNS FROM `otc_auth_role_permission` [ RunTime:0.0080s ]
SQL: SELECT DISTINCT r.permission_id,n.permission_name,lower(n.`module-controller-action`) as permission_code FROM otc_auth_role_permission as r INNER JOIN otc_auth_permission as n on n.permission_id = r.permission_id  WHERE r.role_id IN ('65','73','70','69','68','67','66','77','76','75','74','78','79','82','81','80')  [ RunTime:0.0080s ]
SQL: SELECT `role_id` FROM `otc_auth_access` WHERE ( uid = 1 )  [ RunTime:0.0020s ]
SQL: SHOW COLUMNS FROM `otc_auth_role_permission` [ RunTime:0.0090s ]
SQL: SELECT DISTINCT r.permission_id,n.permission_name,lower(n.`module-controller-action`) as permission_code FROM otc_auth_role_permission as r INNER JOIN otc_auth_permission as n on n.permission_id = r.permission_id  WHERE r.role_id IN ('65','73','70','69','68','67','66','77','76','75','74','78','79','82','81','80')  [ RunTime:0.0100s ]
NOTIC: [8] Use of undefined constant time - assumed 'time' D:\WEB\192.168.1.126\otc\Application\Guest\Model\CustCrmModel.class.php 第 123 行.
SQL: SELECT `role_id` FROM `otc_auth_access` WHERE ( uid = 1 )  [ RunTime:0.0020s ]
SQL: SHOW COLUMNS FROM `otc_auth_role_permission` [ RunTime:0.0080s ]
SQL: SELECT DISTINCT r.permission_id,n.permission_name,lower(n.`module-controller-action`) as permission_code FROM otc_auth_role_permission as r INNER JOIN otc_auth_permission as n on n.permission_id = r.permission_id  WHERE r.role_id IN ('65','73','70','69','68','67','66','77','76','75','74','78','79','82','81','80')  [ RunTime:0.0090s ]
SQL: SELECT `role_id` FROM `otc_auth_access` WHERE ( uid = 1 )  [ RunTime:0.0010s ]
SQL: SHOW COLUMNS FROM `otc_auth_role_permission` [ RunTime:0.0070s ]
SQL: SELECT DISTINCT r.permission_id,n.permission_name,lower(n.`module-controller-action`) as permission_code FROM otc_auth_role_permission as r INNER JOIN otc_auth_permission as n on n.permission_id = r.permission_id  WHERE r.role_id IN ('65','73','70','69','68','67','66','77','76','75','74','78','79','82','81','80')  [ RunTime:0.0090s ]
SQL: SELECT `role_id` FROM `otc_auth_access` WHERE ( uid = 1 )  [ RunTime:0.0030s ]
SQL: SHOW COLUMNS FROM `otc_auth_role_permission` [ RunTime:0.0080s ]
SQL: SELECT DISTINCT r.permission_id,n.permission_name,lower(n.`module-controller-action`) as permission_code FROM otc_auth_role_permission as r INNER JOIN otc_auth_permission as n on n.permission_id = r.permission_id  WHERE r.role_id IN ('65','73','70','69','68','67','66','77','76','75','74','78','79','82','81','80')  [ RunTime:0.0100s ]
NOTIC: [8] Use of undefined constant time - assumed 'time' D:\WEB\192.168.1.126\otc\Application\Guest\Model\CustCrmModel.class.php 第 123 行.
SQL: SELECT `role_id` FROM `otc_auth_access` WHERE ( uid = 1 )  [ RunTime:0.0020s ]
SQL: SHOW COLUMNS FROM `otc_auth_role_permission` [ RunTime:0.0070s ]
SQL: SELECT DISTINCT r.permission_id,n.permission_name,lower(n.`module-controller-action`) as permission_code FROM otc_auth_role_permission as r INNER JOIN otc_auth_permission as n on n.permission_id = r.permission_id  WHERE r.role_id IN ('65','73','70','69','68','67','66','77','76','75','74','78','79','82','81','80')  [ RunTime:0.0110s ]
SQL: SELECT `role_id` FROM `otc_auth_access` WHERE ( uid = 1 )  [ RunTime:0.0050s ]
SQL: SHOW COLUMNS FROM `otc_auth_role_permission` [ RunTime:0.0100s ]
SQL: SELECT DISTINCT r.permission_id,n.permission_name,lower(n.`module-controller-action`) as permission_code FROM otc_auth_role_permission as r INNER JOIN otc_auth_permission as n on n.permission_id = r.permission_id  WHERE r.role_id IN ('65','73','70','69','68','67','66','77','76','75','74','78','79','82','81','80')  [ RunTime:0.0090s ]
SQL: SELECT `role_id` FROM `otc_auth_access` WHERE ( uid = 1 )  [ RunTime:0.0010s ]
SQL: SHOW COLUMNS FROM `otc_auth_role_permission` [ RunTime:0.0070s ]
SQL: SELECT DISTINCT r.permission_id,n.permission_name,lower(n.`module-controller-action`) as permission_code FROM otc_auth_role_permission as r INNER JOIN otc_auth_permission as n on n.permission_id = r.permission_id  WHERE r.role_id IN ('65','73','70','69','68','67','66','77','76','75','74','78','79','82','81','80')  [ RunTime:0.0100s ]
NOTIC: [8] Use of undefined constant time - assumed 'time' D:\WEB\192.168.1.126\otc\Application\Guest\Model\CustCrmModel.class.php 第 123 行.
SQL: SELECT `role_id` FROM `otc_auth_access` WHERE ( uid = 1 )  [ RunTime:0.0020s ]
SQL: SHOW COLUMNS FROM `otc_auth_role_permission` [ RunTime:0.0090s ]
SQL: SELECT DISTINCT r.permission_id,n.permission_name,lower(n.`module-controller-action`) as permission_code FROM otc_auth_role_permission as r INNER JOIN otc_auth_permission as n on n.permission_id = r.permission_id  WHERE r.role_id IN ('65','73','70','69','68','67','66','77','76','75','74','78','79','82','81','80')  [ RunTime:0.0100s ]
SQL: SELECT `role_id` FROM `otc_auth_access` WHERE ( uid = 1 )  [ RunTime:0.0020s ]
SQL: SHOW COLUMNS FROM `otc_auth_role_permission` [ RunTime:0.0150s ]
SQL: SELECT DISTINCT r.permission_id,n.permission_name,lower(n.`module-controller-action`) as permission_code FROM otc_auth_role_permission as r INNER JOIN otc_auth_permission as n on n.permission_id = r.permission_id  WHERE r.role_id IN ('65','73','70','69','68','67','66','77','76','75','74','78','79','82','81','80')  [ RunTime:0.0090s ]
SQL: SELECT `role_id` FROM `otc_auth_access` WHERE ( uid = 1 )  [ RunTime:0.0030s ]
SQL: SHOW COLUMNS FROM `otc_auth_role_permission` [ RunTime:0.0080s ]
SQL: SELECT DISTINCT r.permission_id,n.permission_name,lower(n.`module-controller-action`) as permission_code FROM otc_auth_role_permission as r INNER JOIN otc_auth_permission as n on n.permission_id = r.permission_id  WHERE r.role_id IN ('65','73','70','69','68','67','66','77','76','75','74','78','79','82','81','80')  [ RunTime:0.0080s ]
NOTIC: [8] Use of undefined constant time - assumed 'time' D:\WEB\192.168.1.126\otc\Application\Guest\Model\CustCrmModel.class.php 第 123 行.
SQL: SELECT `role_id` FROM `otc_auth_access` WHERE ( uid = 1 )  [ RunTime:0.0020s ]
SQL: SHOW COLUMNS FROM `otc_auth_role_permission` [ RunTime:0.0080s ]
SQL: SELECT DISTINCT r.permission_id,n.permission_name,lower(n.`module-controller-action`) as permission_code FROM otc_auth_role_permission as r INNER JOIN otc_auth_permission as n on n.permission_id = r.permission_id  WHERE r.role_id IN ('65','73','70','69','68','67','66','77','76','75','74','78','79','82','81','80')  [ RunTime:0.0090s ]

[ 2016-03-10T10:24:25+08:00 ] 127.0.0.1 /Guest
INFO: [ app_init ] --START--
INFO: Run Behavior\BuildLiteBehavior [ RunTime:0.000000s ]
INFO: [ app_init ] --END-- [ RunTime:0.001000s ]
INFO: [ app_begin ] --START--
INFO: Run Behavior\ReadHtmlCacheBehavior [ RunTime:0.002000s ]
INFO: [ app_begin ] --END-- [ RunTime:0.002000s ]
INFO: [ view_parse ] --START--
INFO: [ template_filter ] --START--
INFO: Run Behavior\ContentReplaceBehavior [ RunTime:0.000000s ]
INFO: [ template_filter ] --END-- [ RunTime:0.000000s ]
INFO: Run Behavior\ParseTemplateBehavior [ RunTime:0.007000s ]
INFO: [ view_parse ] --END-- [ RunTime:0.008000s ]
INFO: [ view_filter ] --START--
INFO: Run Behavior\WriteHtmlCacheBehavior [ RunTime:0.000000s ]
INFO: [ view_filter ] --END-- [ RunTime:0.000000s ]
INFO: [ app_end ] --START--
INFO: Run Behavior\ShowPageTraceBehavior [ RunTime:0.001000s ]
INFO: [ app_end ] --END-- [ RunTime:0.001000s ]

[ 2016-03-10T10:24:26+08:00 ] 127.0.0.1 /guest/access/getUserNodeList?q=1457576666069
INFO: [ app_init ] --START--
INFO: Run Behavior\BuildLiteBehavior [ RunTime:0.000000s ]
INFO: [ app_init ] --END-- [ RunTime:0.001000s ]
INFO: [ app_begin ] --START--
INFO: Run Behavior\ReadHtmlCacheBehavior [ RunTime:0.001000s ]
INFO: [ app_begin ] --END-- [ RunTime:0.002000s ]
SQL: SHOW COLUMNS FROM `otc_user` [ RunTime:0.0120s ]
SQL: SHOW COLUMNS FROM `otc_auth_access` [ RunTime:0.0090s ]
SQL: SELECT `role_id` FROM `otc_auth_access` WHERE ( uid = 1 )  [ RunTime:0.0020s ]
SQL: SHOW COLUMNS FROM `otc_auth_role_node` [ RunTime:0.0060s ]
SQL: SHOW COLUMNS FROM `otc_auth_role_node` [ RunTime:0.0070s ]
SQL: SELECT DISTINCT r.node_id,n.name,n.pid,n.module,n.iconCls,n.group,n.url FROM otc_auth_role_node as r INNER JOIN otc_auth_node as n on n.id = r.node_id  WHERE r.role_id IN ('65','73','70','69','68','67','66','77','76','75','74','78','79','82','81','80') AND n.type = 2 ORDER BY n.sort asc, n.id desc  [ RunTime:0.0030s ]

[ 2016-03-10T10:24:28+08:00 ] 127.0.0.1 /Guest/Cust/myivs_dnf?q=1457576667826
INFO: [ app_init ] --START--
INFO: Run Behavior\BuildLiteBehavior [ RunTime:0.000000s ]
INFO: [ app_init ] --END-- [ RunTime:0.000000s ]
INFO: [ app_begin ] --START--
INFO: Run Behavior\ReadHtmlCacheBehavior [ RunTime:0.001000s ]
INFO: [ app_begin ] --END-- [ RunTime:0.001000s ]
SQL: SHOW COLUMNS FROM `otc_user` [ RunTime:0.0120s ]
SQL: SHOW COLUMNS FROM `otc_auth_access` [ RunTime:0.0110s ]
SQL: SELECT `role_id` FROM `otc_auth_access` WHERE ( uid = 1 )  [ RunTime:0.0020s ]
SQL: SHOW COLUMNS FROM `otc_auth_role_permission` [ RunTime:0.0070s ]
SQL: SHOW COLUMNS FROM `otc_auth_role_permission` [ RunTime:0.0070s ]
SQL: SELECT DISTINCT r.permission_id,n.permission_name,lower(n.`module-controller-action`) as permission_code FROM otc_auth_role_permission as r INNER JOIN otc_auth_permission as n on n.permission_id = r.permission_id  WHERE r.role_id IN ('65','73','70','69','68','67','66','77','76','75','74','78','79','82','81','80')  [ RunTime:0.0100s ]
SQL: SHOW COLUMNS FROM `otc_user` [ RunTime:0.0070s ]
SQL: SELECT `role_id` FROM `otc_auth_access` WHERE ( uid = 1 )  [ RunTime:0.0010s ]
SQL: SHOW COLUMNS FROM `otc_auth_role_permission` [ RunTime:0.0060s ]
SQL: SELECT DISTINCT r.permission_id,n.permission_name,lower(n.`permission_code`) as permission_code FROM otc_auth_role_permission as r INNER JOIN otc_auth_permission as n on n.permission_id = r.permission_id  WHERE r.role_id IN ('65','73','70','69','68','67','66','77','76','75','74','78','79','82','81','80')  [ RunTime:0.0080s ]
SQL: SELECT `role_id` FROM `otc_auth_access` WHERE ( uid = 1 )  [ RunTime:0.0020s ]
SQL: SHOW COLUMNS FROM `otc_auth_role_permission` [ RunTime:0.0060s ]
SQL: SELECT DISTINCT r.permission_id,n.permission_name,lower(n.`permission_code`) as permission_code FROM otc_auth_role_permission as r INNER JOIN otc_auth_permission as n on n.permission_id = r.permission_id  WHERE r.role_id IN ('65','73','70','69','68','67','66','77','76','75','74','78','79','82','81','80')  [ RunTime:0.0080s ]
SQL: SHOW COLUMNS FROM `otc_cust_crm` [ RunTime:0.0080s ]
SQL: SHOW COLUMNS FROM `otc_cf_ivs` [ RunTime:0.0090s ]
SQL: SELECT ci.id,ci.cod_ctl_id,ci.product_code,ci.amt_ivs,ci.ctl_ivs_cnt,ci.amt_int_total,ci.pos_order,ci.cod_ivs_status,ci.dat_create as dat_modify,c.title,c.code,ci.amt_time,d.cod_period,b.nam_cust_real,b.cod_cust_id_no,ou.realname as user_name,od.name as department_name FROM otc_cf_ivs ci INNER JOIN otc_cust_person b on ci.cod_cust_id=b.cod_cust_id INNER JOIN otc_cf_mast c on ci.cod_cf_id=c.id INNER JOIN otc_cf_ctl d on ci.cod_ctl_id=d.id left JOIN otc_user as ou on ou.id=ci.usr_create left JOIN otc_department as od on od.id=ou.department_id  WHERE ( operating = 1 ) ORDER BY ci.dat_create desc LIMIT 0,10   [ RunTime:0.0050s ]
SQL: SELECT COUNT(*) AS tp_count FROM otc_cf_ivs ci INNER JOIN otc_cust_person b on ci.cod_cust_id=b.cod_cust_id INNER JOIN otc_cf_mast c on ci.cod_cf_id=c.id INNER JOIN otc_cf_ctl d on ci.cod_ctl_id=d.id left JOIN otc_user as ou on ou.id=ci.usr_create left JOIN otc_department as od on od.id=ou.department_id  WHERE ( operating = 1 ) LIMIT 1   [ RunTime:0.0030s ]
SQL: SELECT `role_id` FROM `otc_auth_access` WHERE ( uid = 1 )  [ RunTime:0.0030s ]
SQL: SHOW COLUMNS FROM `otc_auth_role_permission` [ RunTime:0.0060s ]
SQL: SELECT DISTINCT r.permission_id,n.permission_name,lower(n.`module-controller-action`) as permission_code FROM otc_auth_role_permission as r INNER JOIN otc_auth_permission as n on n.permission_id = r.permission_id  WHERE r.role_id IN ('65','73','70','69','68','67','66','77','76','75','74','78','79','82','81','80')  [ RunTime:0.0070s ]
SQL: SELECT `role_id` FROM `otc_auth_access` WHERE ( uid = 1 )  [ RunTime:0.0020s ]
SQL: SHOW COLUMNS FROM `otc_auth_role_permission` [ RunTime:0.0060s ]
SQL: SELECT DISTINCT r.permission_id,n.permission_name,lower(n.`module-controller-action`) as permission_code FROM otc_auth_role_permission as r INNER JOIN otc_auth_permission as n on n.permission_id = r.permission_id  WHERE r.role_id IN ('65','73','70','69','68','67','66','77','76','75','74','78','79','82','81','80')  [ RunTime:0.0070s ]
NOTIC: [8] Use of undefined constant time - assumed 'time' D:\WEB\192.168.1.126\otc\Application\Guest\Model\CustCrmModel.class.php 第 123 行.
SQL: SELECT `role_id` FROM `otc_auth_access` WHERE ( uid = 1 )  [ RunTime:0.0020s ]
SQL: SHOW COLUMNS FROM `otc_auth_role_permission` [ RunTime:0.0070s ]
SQL: SELECT DISTINCT r.permission_id,n.permission_name,lower(n.`module-controller-action`) as permission_code FROM otc_auth_role_permission as r INNER JOIN otc_auth_permission as n on n.permission_id = r.permission_id  WHERE r.role_id IN ('65','73','70','69','68','67','66','77','76','75','74','78','79','82','81','80')  [ RunTime:0.0070s ]
SQL: SELECT `role_id` FROM `otc_auth_access` WHERE ( uid = 1 )  [ RunTime:0.0020s ]
SQL: SHOW COLUMNS FROM `otc_auth_role_permission` [ RunTime:0.0060s ]
SQL: SELECT DISTINCT r.permission_id,n.permission_name,lower(n.`module-controller-action`) as permission_code FROM otc_auth_role_permission as r INNER JOIN otc_auth_permission as n on n.permission_id = r.permission_id  WHERE r.role_id IN ('65','73','70','69','68','67','66','77','76','75','74','78','79','82','81','80')  [ RunTime:0.0080s ]
SQL: SELECT `role_id` FROM `otc_auth_access` WHERE ( uid = 1 )  [ RunTime:0.0010s ]
SQL: SHOW COLUMNS FROM `otc_auth_role_permission` [ RunTime:0.0070s ]
SQL: SELECT DISTINCT r.permission_id,n.permission_name,lower(n.`module-controller-action`) as permission_code FROM otc_auth_role_permission as r INNER JOIN otc_auth_permission as n on n.permission_id = r.permission_id  WHERE r.role_id IN ('65','73','70','69','68','67','66','77','76','75','74','78','79','82','81','80')  [ RunTime:0.0080s ]
NOTIC: [8] Use of undefined constant time - assumed 'time' D:\WEB\192.168.1.126\otc\Application\Guest\Model\CustCrmModel.class.php 第 123 行.
SQL: SELECT `role_id` FROM `otc_auth_access` WHERE ( uid = 1 )  [ RunTime:0.0010s ]
SQL: SHOW COLUMNS FROM `otc_auth_role_permission` [ RunTime:0.0070s ]
SQL: SELECT DISTINCT r.permission_id,n.permission_name,lower(n.`module-controller-action`) as permission_code FROM otc_auth_role_permission as r INNER JOIN otc_auth_permission as n on n.permission_id = r.permission_id  WHERE r.role_id IN ('65','73','70','69','68','67','66','77','76','75','74','78','79','82','81','80')  [ RunTime:0.0070s ]
SQL: SELECT `role_id` FROM `otc_auth_access` WHERE ( uid = 1 )  [ RunTime:0.0020s ]
SQL: SHOW COLUMNS FROM `otc_auth_role_permission` [ RunTime:0.0070s ]
SQL: SELECT DISTINCT r.permission_id,n.permission_name,lower(n.`module-controller-action`) as permission_code FROM otc_auth_role_permission as r INNER JOIN otc_auth_permission as n on n.permission_id = r.permission_id  WHERE r.role_id IN ('65','73','70','69','68','67','66','77','76','75','74','78','79','82','81','80')  [ RunTime:0.0080s ]
SQL: SELECT `role_id` FROM `otc_auth_access` WHERE ( uid = 1 )  [ RunTime:0.0020s ]
SQL: SHOW COLUMNS FROM `otc_auth_role_permission` [ RunTime:0.0080s ]
SQL: SELECT DISTINCT r.permission_id,n.permission_name,lower(n.`module-controller-action`) as permission_code FROM otc_auth_role_permission as r INNER JOIN otc_auth_permission as n on n.permission_id = r.permission_id  WHERE r.role_id IN ('65','73','70','69','68','67','66','77','76','75','74','78','79','82','81','80')  [ RunTime:0.0070s ]
NOTIC: [8] Use of undefined constant time - assumed 'time' D:\WEB\192.168.1.126\otc\Application\Guest\Model\CustCrmModel.class.php 第 123 行.
SQL: SELECT `role_id` FROM `otc_auth_access` WHERE ( uid = 1 )  [ RunTime:0.0020s ]
SQL: SHOW COLUMNS FROM `otc_auth_role_permission` [ RunTime:0.0060s ]
SQL: SELECT DISTINCT r.permission_id,n.permission_name,lower(n.`module-controller-action`) as permission_code FROM otc_auth_role_permission as r INNER JOIN otc_auth_permission as n on n.permission_id = r.permission_id  WHERE r.role_id IN ('65','73','70','69','68','67','66','77','76','75','74','78','79','82','81','80')  [ RunTime:0.0080s ]
SQL: SELECT `role_id` FROM `otc_auth_access` WHERE ( uid = 1 )  [ RunTime:0.0020s ]
SQL: SHOW COLUMNS FROM `otc_auth_role_permission` [ RunTime:0.0070s ]
SQL: SELECT DISTINCT r.permission_id,n.permission_name,lower(n.`module-controller-action`) as permission_code FROM otc_auth_role_permission as r INNER JOIN otc_auth_permission as n on n.permission_id = r.permission_id  WHERE r.role_id IN ('65','73','70','69','68','67','66','77','76','75','74','78','79','82','81','80')  [ RunTime:0.0070s ]
SQL: SELECT `role_id` FROM `otc_auth_access` WHERE ( uid = 1 )  [ RunTime:0.0020s ]
SQL: SHOW COLUMNS FROM `otc_auth_role_permission` [ RunTime:0.0070s ]
SQL: SELECT DISTINCT r.permission_id,n.permission_name,lower(n.`module-controller-action`) as permission_code FROM otc_auth_role_permission as r INNER JOIN otc_auth_permission as n on n.permission_id = r.permission_id  WHERE r.role_id IN ('65','73','70','69','68','67','66','77','76','75','74','78','79','82','81','80')  [ RunTime:0.0070s ]
NOTIC: [8] Use of undefined constant time - assumed 'time' D:\WEB\192.168.1.126\otc\Application\Guest\Model\CustCrmModel.class.php 第 123 行.
SQL: SELECT `role_id` FROM `otc_auth_access` WHERE ( uid = 1 )  [ RunTime:0.0020s ]
SQL: SHOW COLUMNS FROM `otc_auth_role_permission` [ RunTime:0.0070s ]
SQL: SELECT DISTINCT r.permission_id,n.permission_name,lower(n.`module-controller-action`) as permission_code FROM otc_auth_role_permission as r INNER JOIN otc_auth_permission as n on n.permission_id = r.permission_id  WHERE r.role_id IN ('65','73','70','69','68','67','66','77','76','75','74','78','79','82','81','80')  [ RunTime:0.0080s ]
SQL: SELECT `role_id` FROM `otc_auth_access` WHERE ( uid = 1 )  [ RunTime:0.0030s ]
SQL: SHOW COLUMNS FROM `otc_auth_role_permission` [ RunTime:0.0060s ]
SQL: SELECT DISTINCT r.permission_id,n.permission_name,lower(n.`module-controller-action`) as permission_code FROM otc_auth_role_permission as r INNER JOIN otc_auth_permission as n on n.permission_id = r.permission_id  WHERE r.role_id IN ('65','73','70','69','68','67','66','77','76','75','74','78','79','82','81','80')  [ RunTime:0.0080s ]
SQL: SELECT `role_id` FROM `otc_auth_access` WHERE ( uid = 1 )  [ RunTime:0.0020s ]
SQL: SHOW COLUMNS FROM `otc_auth_role_permission` [ RunTime:0.0070s ]
SQL: SELECT DISTINCT r.permission_id,n.permission_name,lower(n.`module-controller-action`) as permission_code FROM otc_auth_role_permission as r INNER JOIN otc_auth_permission as n on n.permission_id = r.permission_id  WHERE r.role_id IN ('65','73','70','69','68','67','66','77','76','75','74','78','79','82','81','80')  [ RunTime:0.0080s ]
NOTIC: [8] Use of undefined constant time - assumed 'time' D:\WEB\192.168.1.126\otc\Application\Guest\Model\CustCrmModel.class.php 第 123 行.
SQL: SELECT `role_id` FROM `otc_auth_access` WHERE ( uid = 1 )  [ RunTime:0.0010s ]
SQL: SHOW COLUMNS FROM `otc_auth_role_permission` [ RunTime:0.0060s ]
SQL: SELECT DISTINCT r.permission_id,n.permission_name,lower(n.`module-controller-action`) as permission_code FROM otc_auth_role_permission as r INNER JOIN otc_auth_permission as n on n.permission_id = r.permission_id  WHERE r.role_id IN ('65','73','70','69','68','67','66','77','76','75','74','78','79','82','81','80')  [ RunTime:0.0070s ]
SQL: SELECT `role_id` FROM `otc_auth_access` WHERE ( uid = 1 )  [ RunTime:0.0010s ]
SQL: SHOW COLUMNS FROM `otc_auth_role_permission` [ RunTime:0.0060s ]
SQL: SELECT DISTINCT r.permission_id,n.permission_name,lower(n.`module-controller-action`) as permission_code FROM otc_auth_role_permission as r INNER JOIN otc_auth_permission as n on n.permission_id = r.permission_id  WHERE r.role_id IN ('65','73','70','69','68','67','66','77','76','75','74','78','79','82','81','80')  [ RunTime:0.0070s ]
SQL: SELECT `role_id` FROM `otc_auth_access` WHERE ( uid = 1 )  [ RunTime:0.0020s ]
SQL: SHOW COLUMNS FROM `otc_auth_role_permission` [ RunTime:0.0070s ]
SQL: SELECT DISTINCT r.permission_id,n.permission_name,lower(n.`module-controller-action`) as permission_code FROM otc_auth_role_permission as r INNER JOIN otc_auth_permission as n on n.permission_id = r.permission_id  WHERE r.role_id IN ('65','73','70','69','68','67','66','77','76','75','74','78','79','82','81','80')  [ RunTime:0.0080s ]
NOTIC: [8] Use of undefined constant time - assumed 'time' D:\WEB\192.168.1.126\otc\Application\Guest\Model\CustCrmModel.class.php 第 123 行.
SQL: SELECT `role_id` FROM `otc_auth_access` WHERE ( uid = 1 )  [ RunTime:0.0020s ]
SQL: SHOW COLUMNS FROM `otc_auth_role_permission` [ RunTime:0.0060s ]
SQL: SELECT DISTINCT r.permission_id,n.permission_name,lower(n.`module-controller-action`) as permission_code FROM otc_auth_role_permission as r INNER JOIN otc_auth_permission as n on n.permission_id = r.permission_id  WHERE r.role_id IN ('65','73','70','69','68','67','66','77','76','75','74','78','79','82','81','80')  [ RunTime:0.0070s ]
SQL: SELECT `role_id` FROM `otc_auth_access` WHERE ( uid = 1 )  [ RunTime:0.0020s ]
SQL: SHOW COLUMNS FROM `otc_auth_role_permission` [ RunTime:0.0060s ]
SQL: SELECT DISTINCT r.permission_id,n.permission_name,lower(n.`module-controller-action`) as permission_code FROM otc_auth_role_permission as r INNER JOIN otc_auth_permission as n on n.permission_id = r.permission_id  WHERE r.role_id IN ('65','73','70','69','68','67','66','77','76','75','74','78','79','82','81','80')  [ RunTime:0.0080s ]
SQL: SELECT `role_id` FROM `otc_auth_access` WHERE ( uid = 1 )  [ RunTime:0.0020s ]
SQL: SHOW COLUMNS FROM `otc_auth_role_permission` [ RunTime:0.0060s ]
SQL: SELECT DISTINCT r.permission_id,n.permission_name,lower(n.`module-controller-action`) as permission_code FROM otc_auth_role_permission as r INNER JOIN otc_auth_permission as n on n.permission_id = r.permission_id  WHERE r.role_id IN ('65','73','70','69','68','67','66','77','76','75','74','78','79','82','81','80')  [ RunTime:0.0080s ]
NOTIC: [8] Use of undefined constant time - assumed 'time' D:\WEB\192.168.1.126\otc\Application\Guest\Model\CustCrmModel.class.php 第 123 行.
SQL: SELECT `role_id` FROM `otc_auth_access` WHERE ( uid = 1 )  [ RunTime:0.0020s ]
SQL: SHOW COLUMNS FROM `otc_auth_role_permission` [ RunTime:0.0060s ]
SQL: SELECT DISTINCT r.permission_id,n.permission_name,lower(n.`module-controller-action`) as permission_code FROM otc_auth_role_permission as r INNER JOIN otc_auth_permission as n on n.permission_id = r.permission_id  WHERE r.role_id IN ('65','73','70','69','68','67','66','77','76','75','74','78','79','82','81','80')  [ RunTime:0.0070s ]
SQL: SELECT `role_id` FROM `otc_auth_access` WHERE ( uid = 1 )  [ RunTime:0.0030s ]
SQL: SHOW COLUMNS FROM `otc_auth_role_permission` [ RunTime:0.0100s ]
SQL: SELECT DISTINCT r.permission_id,n.permission_name,lower(n.`module-controller-action`) as permission_code FROM otc_auth_role_permission as r INNER JOIN otc_auth_permission as n on n.permission_id = r.permission_id  WHERE r.role_id IN ('65','73','70','69','68','67','66','77','76','75','74','78','79','82','81','80')  [ RunTime:0.0220s ]
SQL: SELECT `role_id` FROM `otc_auth_access` WHERE ( uid = 1 )  [ RunTime:0.0100s ]
SQL: SHOW COLUMNS FROM `otc_auth_role_permission` [ RunTime:0.0140s ]
SQL: SELECT DISTINCT r.permission_id,n.permission_name,lower(n.`module-controller-action`) as permission_code FROM otc_auth_role_permission as r INNER JOIN otc_auth_permission as n on n.permission_id = r.permission_id  WHERE r.role_id IN ('65','73','70','69','68','67','66','77','76','75','74','78','79','82','81','80')  [ RunTime:0.0100s ]
NOTIC: [8] Use of undefined constant time - assumed 'time' D:\WEB\192.168.1.126\otc\Application\Guest\Model\CustCrmModel.class.php 第 123 行.
SQL: SELECT `role_id` FROM `otc_auth_access` WHERE ( uid = 1 )  [ RunTime:0.0030s ]
SQL: SHOW COLUMNS FROM `otc_auth_role_permission` [ RunTime:0.0070s ]
SQL: SELECT DISTINCT r.permission_id,n.permission_name,lower(n.`module-controller-action`) as permission_code FROM otc_auth_role_permission as r INNER JOIN otc_auth_permission as n on n.permission_id = r.permission_id  WHERE r.role_id IN ('65','73','70','69','68','67','66','77','76','75','74','78','79','82','81','80')  [ RunTime:0.0100s ]
SQL: SELECT `role_id` FROM `otc_auth_access` WHERE ( uid = 1 )  [ RunTime:0.0020s ]
SQL: SHOW COLUMNS FROM `otc_auth_role_permission` [ RunTime:0.0070s ]
SQL: SELECT DISTINCT r.permission_id,n.permission_name,lower(n.`module-controller-action`) as permission_code FROM otc_auth_role_permission as r INNER JOIN otc_auth_permission as n on n.permission_id = r.permission_id  WHERE r.role_id IN ('65','73','70','69','68','67','66','77','76','75','74','78','79','82','81','80')  [ RunTime:0.0080s ]
SQL: SELECT `role_id` FROM `otc_auth_access` WHERE ( uid = 1 )  [ RunTime:0.0020s ]
SQL: SHOW COLUMNS FROM `otc_auth_role_permission` [ RunTime:0.0080s ]
SQL: SELECT DISTINCT r.permission_id,n.permission_name,lower(n.`module-controller-action`) as permission_code FROM otc_auth_role_permission as r INNER JOIN otc_auth_permission as n on n.permission_id = r.permission_id  WHERE r.role_id IN ('65','73','70','69','68','67','66','77','76','75','74','78','79','82','81','80')  [ RunTime:0.0090s ]
NOTIC: [8] Use of undefined constant time - assumed 'time' D:\WEB\192.168.1.126\otc\Application\Guest\Model\CustCrmModel.class.php 第 123 行.
SQL: SELECT `role_id` FROM `otc_auth_access` WHERE ( uid = 1 )  [ RunTime:0.0020s ]
SQL: SHOW COLUMNS FROM `otc_auth_role_permission` [ RunTime:0.0080s ]
SQL: SELECT DISTINCT r.permission_id,n.permission_name,lower(n.`module-controller-action`) as permission_code FROM otc_auth_role_permission as r INNER JOIN otc_auth_permission as n on n.permission_id = r.permission_id  WHERE r.role_id IN ('65','73','70','69','68','67','66','77','76','75','74','78','79','82','81','80')  [ RunTime:0.0070s ]
SQL: SELECT `role_id` FROM `otc_auth_access` WHERE ( uid = 1 )  [ RunTime:0.0020s ]
SQL: SHOW COLUMNS FROM `otc_auth_role_permission` [ RunTime:0.0080s ]
SQL: SELECT DISTINCT r.permission_id,n.permission_name,lower(n.`module-controller-action`) as permission_code FROM otc_auth_role_permission as r INNER JOIN otc_auth_permission as n on n.permission_id = r.permission_id  WHERE r.role_id IN ('65','73','70','69','68','67','66','77','76','75','74','78','79','82','81','80')  [ RunTime:0.0080s ]
SQL: SELECT `role_id` FROM `otc_auth_access` WHERE ( uid = 1 )  [ RunTime:0.0020s ]
SQL: SHOW COLUMNS FROM `otc_auth_role_permission` [ RunTime:0.0070s ]
SQL: SELECT DISTINCT r.permission_id,n.permission_name,lower(n.`module-controller-action`) as permission_code FROM otc_auth_role_permission as r INNER JOIN otc_auth_permission as n on n.permission_id = r.permission_id  WHERE r.role_id IN ('65','73','70','69','68','67','66','77','76','75','74','78','79','82','81','80')  [ RunTime:0.0080s ]
NOTIC: [8] Use of undefined constant time - assumed 'time' D:\WEB\192.168.1.126\otc\Application\Guest\Model\CustCrmModel.class.php 第 123 行.
SQL: SELECT `role_id` FROM `otc_auth_access` WHERE ( uid = 1 )  [ RunTime:0.0020s ]
SQL: SHOW COLUMNS FROM `otc_auth_role_permission` [ RunTime:0.0080s ]
SQL: SELECT DISTINCT r.permission_id,n.permission_name,lower(n.`module-controller-action`) as permission_code FROM otc_auth_role_permission as r INNER JOIN otc_auth_permission as n on n.permission_id = r.permission_id  WHERE r.role_id IN ('65','73','70','69','68','67','66','77','76','75','74','78','79','82','81','80')  [ RunTime:0.0080s ]

[ 2016-03-10T10:24:29+08:00 ] 127.0.0.1 /Guest
INFO: [ app_init ] --START--
INFO: Run Behavior\BuildLiteBehavior [ RunTime:0.000000s ]
INFO: [ app_init ] --END-- [ RunTime:0.001000s ]
INFO: [ app_begin ] --START--
INFO: Run Behavior\ReadHtmlCacheBehavior [ RunTime:0.001000s ]
INFO: [ app_begin ] --END-- [ RunTime:0.001000s ]
INFO: [ view_parse ] --START--
INFO: [ template_filter ] --START--
INFO: Run Behavior\ContentReplaceBehavior [ RunTime:0.000000s ]
INFO: [ template_filter ] --END-- [ RunTime:0.001000s ]
INFO: Run Behavior\ParseTemplateBehavior [ RunTime:0.010001s ]
INFO: [ view_parse ] --END-- [ RunTime:0.010001s ]
INFO: [ view_filter ] --START--
INFO: Run Behavior\WriteHtmlCacheBehavior [ RunTime:0.002000s ]
INFO: [ view_filter ] --END-- [ RunTime:0.002000s ]
INFO: [ app_end ] --START--
INFO: Run Behavior\ShowPageTraceBehavior [ RunTime:0.001000s ]
INFO: [ app_end ] --END-- [ RunTime:0.001000s ]

[ 2016-03-10T10:24:29+08:00 ] 127.0.0.1 /guest/access/getUserNodeList?q=1457576669559
INFO: [ app_init ] --START--
INFO: Run Behavior\BuildLiteBehavior [ RunTime:0.000000s ]
INFO: [ app_init ] --END-- [ RunTime:0.002000s ]
INFO: [ app_begin ] --START--
INFO: Run Behavior\ReadHtmlCacheBehavior [ RunTime:0.001000s ]
INFO: [ app_begin ] --END-- [ RunTime:0.001000s ]
SQL: SHOW COLUMNS FROM `otc_user` [ RunTime:0.0130s ]
SQL: SHOW COLUMNS FROM `otc_auth_access` [ RunTime:0.0110s ]
SQL: SELECT `role_id` FROM `otc_auth_access` WHERE ( uid = 1 )  [ RunTime:0.0040s ]
SQL: SHOW COLUMNS FROM `otc_auth_role_node` [ RunTime:0.0100s ]
SQL: SHOW COLUMNS FROM `otc_auth_role_node` [ RunTime:0.0120s ]
SQL: SELECT DISTINCT r.node_id,n.name,n.pid,n.module,n.iconCls,n.group,n.url FROM otc_auth_role_node as r INNER JOIN otc_auth_node as n on n.id = r.node_id  WHERE r.role_id IN ('65','73','70','69','68','67','66','77','76','75','74','78','79','82','81','80') AND n.type = 2 ORDER BY n.sort asc, n.id desc  [ RunTime:0.0040s ]

